Downloading/unpacking virtualenvwrapper

  Getting page http://pypi.python.org/simple/virtualenvwrapper
  URLs to search for versions for virtualenvwrapper:
  * http://pypi.python.org/simple/virtualenvwrapper/
  Getting page http://pypi.python.org/simple/virtualenvwrapper/
  Analyzing links from page https://pypi.python.org/simple/virtualenvwrapper/
    Found link https://pypi.python.org/packages/source/v/virtualenvwrapper/virtualenvwrapper-2.10.1.tar.gz#md5=36fd2ad8f3a5580954632187b42a621c (from https://pypi.python.org/simple/virtualenvwrapper/), version: 2.10.1
    Found link https://pypi.python.org/packages/source/v/virtualenvwrapper/virtualenvwrapper-2.10.tar.gz#md5=e579e640a2559195851b5220ad7246ea (from https://pypi.python.org/simple/virtualenvwrapper/), version: 2.10
    Found link https://pypi.python.org/packages/source/v/virtualenvwrapper/virtualenvwrapper-2.11.1.tar.gz#md5=dc65934feece5fd51fd0454114329392 (from https://pypi.python.org/simple/virtualenvwrapper/), version: 2.11.1
    Found link https://pypi.python.org/packages/source/v/virtualenvwrapper/virtualenvwrapper-2.11.tar.gz#md5=71ed3806bf3c02481e844d2b0dec6f64 (from https://pypi.python.org/simple/virtualenvwrapper/), version: 2.11
    Found link https://pypi.python.org/packages/source/v/virtualenvwrapper/virtualenvwrapper-2.5.3.tar.gz#md5=7ed6eeab5e0429e73b4440cca3e8ac4f (from https://pypi.python.org/simple/virtualenvwrapper/), version: 2.5.3
    Found link https://pypi.python.org/packages/source/v/virtualenvwrapper/virtualenvwrapper-2.6.1.tar.gz#md5=91a54c14cf38454255b18bf7fba4ed09 (from https://pypi.python.org/simple/virtualenvwrapper/), version: 2.6.1
    Found link https://pypi.python.org/packages/source/v/virtualenvwrapper/virtualenvwrapper-2.6.2.tar.gz#md5=5b20b2dc05d36adc1589f381046605eb (from https://pypi.python.org/simple/virtualenvwrapper/), version: 2.6.2
    Found link https://pypi.python.org/packages/source/v/virtualenvwrapper/virtualenvwrapper-2.6.3.tar.gz#md5=474bcbdac2d509f27aadf5c5ce17428e (from https://pypi.python.org/simple/virtualenvwrapper/), version: 2.6.3
    Found link https://pypi.python.org/packages/source/v/virtualenvwrapper/virtualenvwrapper-2.6.tar.gz#md5=ed678ad1043c3b6162a1b526ea18bd06 (from https://pypi.python.org/simple/virtualenvwrapper/), version: 2.6
    Found link https://pypi.python.org/packages/source/v/virtualenvwrapper/virtualenvwrapper-2.7.1.tar.gz#md5=b01930b245b2beb9fe2ce69a4b0e0f25 (from https://pypi.python.org/simple/virtualenvwrapper/), version: 2.7.1
    Found link https://pypi.python.org/packages/source/v/virtualenvwrapper/virtualenvwrapper-2.7.tar.gz#md5=54d622d7dc0c5ac15df6495a3cec8d96 (from https://pypi.python.org/simple/virtualenvwrapper/), version: 2.7
    Found link https://pypi.python.org/packages/source/v/virtualenvwrapper/virtualenvwrapper-2.8.tar.gz#md5=4998181c67fad05a6429e1ca84d638b1 (from https://pypi.python.org/simple/virtualenvwrapper/), version: 2.8
    Found link https://pypi.python.org/packages/source/v/virtualenvwrapper/virtualenvwrapper-2.9.tar.gz#md5=4071b24a3656ffd46c14fcce9136e45d (from https://pypi.python.org/simple/virtualenvwrapper/), version: 2.9
    Found link https://pypi.python.org/packages/source/v/virtualenvwrapper/virtualenvwrapper-3.0.1.tar.gz#md5=13991893202018c0972b95f7f8fb9451 (from https://pypi.python.org/simple/virtualenvwrapper/), version: 3.0.1
    Found link https://pypi.python.org/packages/source/v/virtualenvwrapper/virtualenvwrapper-3.0.tar.gz#md5=c01ad60aab4912dc7f57236188255489 (from https://pypi.python.org/simple/virtualenvwrapper/), version: 3.0
    Found link https://pypi.python.org/packages/source/v/virtualenvwrapper/virtualenvwrapper-3.1.tar.gz#md5=8a37fc179d3e0239c42cda433a21009a (from https://pypi.python.org/simple/virtualenvwrapper/), version: 3.1
    Found link https://pypi.python.org/packages/source/v/virtualenvwrapper/virtualenvwrapper-3.2.tar.gz#md5=58b94ffb2b81baea29fadfd0813057c3 (from https://pypi.python.org/simple/virtualenvwrapper/), version: 3.2
    Found link https://pypi.python.org/packages/source/v/virtualenvwrapper/virtualenvwrapper-3.3.tar.gz#md5=7e334cec98d800dcd8e4959502616d16 (from https://pypi.python.org/simple/virtualenvwrapper/), version: 3.3
    Found link https://pypi.python.org/packages/source/v/virtualenvwrapper/virtualenvwrapper-3.4.tar.gz#md5=9d5a7c55667c3286a10bbdc572d62173 (from https://pypi.python.org/simple/virtualenvwrapper/), version: 3.4
    Found link https://pypi.python.org/packages/source/v/virtualenvwrapper/virtualenvwrapper-3.5.tar.gz#md5=69f51d186845b584c0ef09e258818fe7 (from https://pypi.python.org/simple/virtualenvwrapper/), version: 3.5
    Found link https://pypi.python.org/packages/source/v/virtualenvwrapper/virtualenvwrapper-3.6.1.tar.gz#md5=0db92b61123df17673f54623a72ce726 (from https://pypi.python.org/simple/virtualenvwrapper/), version: 3.6.1
    Found link https://pypi.python.org/packages/source/v/virtualenvwrapper/virtualenvwrapper-3.6.tar.gz#md5=57d78305b75750a40985f206c80a280f (from https://pypi.python.org/simple/virtualenvwrapper/), version: 3.6
    Found link https://pypi.python.org/packages/source/v/virtualenvwrapper/virtualenvwrapper-3.7.1.tar.gz#md5=17fd8cfe4ef7f569f62f2f3453e3bc02 (from https://pypi.python.org/simple/virtualenvwrapper/), version: 3.7.1
    Found link https://pypi.python.org/packages/source/v/virtualenvwrapper/virtualenvwrapper-3.7.tar.gz#md5=72cbc44b1c71a1ed64096533bbd37c13 (from https://pypi.python.org/simple/virtualenvwrapper/), version: 3.7
    Found link https://pypi.python.org/packages/source/v/virtualenvwrapper/virtualenvwrapper-4.0.tar.gz#md5=78df3b40735e959479d9de34e4b8ba15 (from https://pypi.python.org/simple/virtualenvwrapper/), version: 4.0
    Found link https://pypi.python.org/packages/source/v/virtualenvwrapper/virtualenvwrapper-4.1.1.tar.gz#md5=f18f2c612b936583a8ec0f7114b6637e (from https://pypi.python.org/simple/virtualenvwrapper/), version: 4.1.1
    Found link https://pypi.python.org/packages/source/v/virtualenvwrapper/virtualenvwrapper-4.1.tar.gz#md5=417605394856322a5ec2e47f5199d028 (from https://pypi.python.org/simple/virtualenvwrapper/), version: 4.1
    Found link https://pypi.python.org/packages/source/v/virtualenvwrapper/virtualenvwrapper-4.2.tar.gz#md5=e13705ac2b136b02748e82947e3e2c8d (from https://pypi.python.org/simple/virtualenvwrapper/), version: 4.2
    Found link https://pypi.python.org/packages/source/v/virtualenvwrapper/virtualenvwrapper-4.3.tar.gz#md5=d526bc0a2cca27d3d37e5c42a4511a1f (from https://pypi.python.org/simple/virtualenvwrapper/), version: 4.3
  Using version 4.3 (newest of versions: 4.3, 4.2, 4.1.1, 4.1, 4.0, 3.7.1, 3.7, 3.6.1, 3.6, 3.5, 3.4, 3.3, 3.2, 3.1, 3.0.1, 3.0, 2.11.1, 2.11, 2.10.1, 2.10, 2.9, 2.8, 2.7.1, 2.7, 2.6.3, 2.6.2, 2.6.1, 2.6, 2.5.3)
  Downloading from URL https://pypi.python.org/packages/source/v/virtualenvwrapper/virtualenvwrapper-4.3.tar.gz#md5=d526bc0a2cca27d3d37e5c42a4511a1f (from https://pypi.python.org/simple/virtualenvwrapper/)
  Running setup.py egg_info for package virtualenvwrapper

    

    Installed /home/andy/build/virtualenvwrapper/pbr-0.8.2-py2.7.egg

    running egg_info
    creating pip-egg-info/virtualenvwrapper.egg-info
    writing requirements to pip-egg-info/virtualenvwrapper.egg-info/requires.txt
    writing pip-egg-info/virtualenvwrapper.egg-info/PKG-INFO
    writing namespace_packages to pip-egg-info/virtualenvwrapper.egg-info/namespace_packages.txt
    writing top-level names to pip-egg-info/virtualenvwrapper.egg-info/top_level.txt
    writing dependency_links to pip-egg-info/virtualenvwrapper.egg-info/dependency_links.txt
    writing entry points to pip-egg-info/virtualenvwrapper.egg-info/entry_points.txt
    [pbr] Processing SOURCES.txt

    writing manifest file 'pip-egg-info/virtualenvwrapper.egg-info/SOURCES.txt'
    warning: LocalManifestMaker: standard file '-c' not found

    

    [pbr] In git context, generating filelist from git

    warning: no previously-included files found matching '.gitreview'

    warning: no previously-included files matching '*.pyc' found anywhere in distribution

    reading manifest template 'MANIFEST.in'
    warning: no files found matching '*.html' under directory 'docs'

    warning: no files found matching '*.css' under directory 'docs'

    warning: no files found matching '*.js' under directory 'docs'

    warning: no files found matching '*.png' under directory 'docs'

    writing manifest file 'pip-egg-info/virtualenvwrapper.egg-info/SOURCES.txt'
Downloading/unpacking virtualenv (from virtualenvwrapper)

  Getting page http://pypi.python.org/simple/virtualenv
  URLs to search for versions for virtualenv (from virtualenvwrapper):
  * http://pypi.python.org/simple/virtualenv/
  Getting page http://pypi.python.org/simple/virtualenv/
  Analyzing links from page https://pypi.python.org/simple/virtualenv/
    Skipping link https://pypi.python.org/packages/2.4/v/virtualenv/virtualenv-0.8.1-py2.4.egg#md5=fa8831295f1073151876375c4567f5cd (from https://pypi.python.org/simple/virtualenv/); unknown archive format: .egg
    Skipping link https://pypi.python.org/packages/2.4/v/virtualenv/virtualenv-0.8.2-py2.4.egg#md5=4a92b99c93026031b7298906bf126ccd (from https://pypi.python.org/simple/virtualenv/); unknown archive format: .egg
    Skipping link https://pypi.python.org/packages/2.4/v/virtualenv/virtualenv-0.8.3-py2.4.egg#md5=fbcb29d72e35ee93d80738d46e69d350 (from https://pypi.python.org/simple/virtualenv/); unknown archive format: .egg
    Skipping link https://pypi.python.org/packages/2.4/v/virtualenv/virtualenv-0.8.4-py2.4.egg#md5=6d2db4c08a9b8a7b59e1ab7731791381 (from https://pypi.python.org/simple/virtualenv/); unknown archive format: .egg
    Skipping link https://pypi.python.org/packages/2.4/v/virtualenv/virtualenv-0.9-py2.4.egg#md5=12b34ae909f578910c293ecfe7c793e3 (from https://pypi.python.org/simple/virtualenv/); unknown archive format: .egg
    Skipping link https://pypi.python.org/packages/2.4/v/virtualenv/virtualenv-0.9.1-py2.4.egg#md5=f595300f14597da25feabaececcf62a2 (from https://pypi.python.org/simple/virtualenv/); unknown archive format: .egg
    Skipping link https://pypi.python.org/packages/2.4/v/virtualenv/virtualenv-0.9.2-py2.4.egg#md5=319b534ed28e2d31b124b1a76f42fbc7 (from https://pypi.python.org/simple/virtualenv/); unknown archive format: .egg
    Skipping link https://pypi.python.org/packages/2.4/v/virtualenv/virtualenv-1.0-py2.4.egg#md5=6199b281bf6e7370d896520eb3a968f8 (from https://pypi.python.org/simple/virtualenv/); unknown archive format: .egg
    Skipping link https://pypi.python.org/packages/2.4/v/virtualenv/virtualenv-1.1-py2.4.egg#md5=d9b0de14426957e30b2aa7015451aa43 (from https://pypi.python.org/simple/virtualenv/); unknown archive format: .egg
    Skipping link https://pypi.python.org/packages/2.4/v/virtualenv/virtualenv-1.2-py2.4.egg#md5=53ab95a286cc0382e503306bb0df9d49 (from https://pypi.python.org/simple/virtualenv/); unknown archive format: .egg
    Skipping link https://pypi.python.org/packages/2.4/v/virtualenv/virtualenv-1.3-py2.4.egg#md5=ff872f8b8dcb3dc76d9c2793afc9b1a5 (from https://pypi.python.org/simple/virtualenv/); unknown archive format: .egg
    Skipping link https://pypi.python.org/packages/2.4/v/virtualenv/virtualenv-1.3.1-py2.4.egg#md5=708cc5281dae7fdd8d996cdb55bef52d (from https://pypi.python.org/simple/virtualenv/); unknown archive format: .egg
    Skipping link https://pypi.python.org/packages/2.4/v/virtualenv/virtualenv-1.3.2-py2.4.egg#md5=6913c03f02167fe4ac32add76c3edeb7 (from https://pypi.python.org/simple/virtualenv/); unknown archive format: .egg
    Skipping link https://pypi.python.org/packages/2.4/v/virtualenv/virtualenv-1.3.3-py2.4.egg#md5=9cd8f513ba25e09be54ead5b1325ad3e (from https://pypi.python.org/simple/virtualenv/); unknown archive format: .egg
    Skipping link https://pypi.python.org/packages/2.4/v/virtualenv/virtualenv-1.3.4-py2.4.egg#md5=bd62418a72b7e09a637ef368b7b0101b (from https://pypi.python.org/simple/virtualenv/); unknown archive format: .egg
    Skipping link https://pypi.python.org/packages/2.5/v/virtualenv/virtualenv-0.8.1-py2.5.egg#md5=ad5869374196f7d533a9b649adfe9014 (from https://pypi.python.org/simple/virtualenv/); unknown archive format: .egg
    Skipping link https://pypi.python.org/packages/2.5/v/virtualenv/virtualenv-0.8.2-py2.5.egg#md5=eedbc037902cd2010b055451641addcf (from https://pypi.python.org/simple/virtualenv/); unknown archive format: .egg
    Skipping link https://pypi.python.org/packages/2.5/v/virtualenv/virtualenv-0.8.3-py2.5.egg#md5=7592e9dd19388a037768840caac00255 (from https://pypi.python.org/simple/virtualenv/); unknown archive format: .egg
    Skipping link https://pypi.python.org/packages/2.5/v/virtualenv/virtualenv-0.8.4-py2.5.egg#md5=40300b786dad2e8380ef785c4998f421 (from https://pypi.python.org/simple/virtualenv/); unknown archive format: .egg
    Skipping link https://pypi.python.org/packages/2.5/v/virtualenv/virtualenv-0.9-py2.5.egg#md5=7c8e85680f1ede0844a496513366d7a5 (from https://pypi.python.org/simple/virtualenv/); unknown archive format: .egg
    Skipping link https://pypi.python.org/packages/2.5/v/virtualenv/virtualenv-0.9.1-py2.5.egg#md5=573b8bd74a7b9b207b5eede8db386953 (from https://pypi.python.org/simple/virtualenv/); unknown archive format: .egg
    Skipping link https://pypi.python.org/packages/2.5/v/virtualenv/virtualenv-0.9.2-py2.5.egg#md5=7a4d37d0c3f83f917d7a6556f31bb31d (from https://pypi.python.org/simple/virtualenv/); unknown archive format: .egg
    Skipping link https://pypi.python.org/packages/2.5/v/virtualenv/virtualenv-1.0-py2.5.egg#md5=e6881a6353543b0af8b116ed8ed2f6f6 (from https://pypi.python.org/simple/virtualenv/); unknown archive format: .egg
    Skipping link https://pypi.python.org/packages/2.5/v/virtualenv/virtualenv-1.1-py2.5.egg#md5=1db8cdd823739c79330a138327239551 (from https://pypi.python.org/simple/virtualenv/); unknown archive format: .egg
    Skipping link https://pypi.python.org/packages/2.5/v/virtualenv/virtualenv-1.2-py2.5.egg#md5=0043570e1c16af8d3c9fa1e99bce012b (from https://pypi.python.org/simple/virtualenv/); unknown archive format: .egg
    Skipping link https://pypi.python.org/packages/2.5/v/virtualenv/virtualenv-1.3-py2.5.egg#md5=8102d251e3f1caf709722679a737f454 (from https://pypi.python.org/simple/virtualenv/); unknown archive format: .egg
    Skipping link https://pypi.python.org/packages/2.5/v/virtualenv/virtualenv-1.3.1-py2.5.egg#md5=f042320f7301a77311b876ed55d2a635 (from https://pypi.python.org/simple/virtualenv/); unknown archive format: .egg
    Skipping link https://pypi.python.org/packages/2.5/v/virtualenv/virtualenv-1.3.2-py2.5.egg#md5=f2cd2b10b8be8b57e74cb1830fc0b504 (from https://pypi.python.org/simple/virtualenv/); unknown archive format: .egg
    Skipping link https://pypi.python.org/packages/2.5/v/virtualenv/virtualenv-1.3.3-py2.5.egg#md5=fae350c941cd9eadf5e9a407c37a2e03 (from https://pypi.python.org/simple/virtualenv/); unknown archive format: .egg
    Skipping link https://pypi.python.org/packages/2.5/v/virtualenv/virtualenv-1.3.4-py2.5.egg#md5=2fd8f371cc83c2a49009e5fe51fcd9c9 (from https://pypi.python.org/simple/virtualenv/); unknown archive format: .egg
    Skipping link https://pypi.python.org/packages/2.5/v/virtualenv/virtualenv-1.4.7-py2.5.egg#md5=e1bb0e1cbc4e2df64dfdde6b0867ef29 (from https://pypi.python.org/simple/virtualenv/); unknown archive format: .egg
    Skipping link https://pypi.python.org/packages/2.6/v/virtualenv/virtualenv-1.3.4-py2.6.egg#md5=f5cf3d4dba3a224351fb5f90f59dae1a (from https://pypi.python.org/simple/virtualenv/); unknown archive format: .egg
    Skipping link https://pypi.python.org/packages/py2.py3/v/virtualenv/virtualenv-1.11.2-py2.py3-none-any.whl#md5=a18326dc067b528cfd2b3fce495d540d (from https://pypi.python.org/simple/virtualenv/); unknown archive format: .whl
    Skipping link https://pypi.python.org/packages/py2.py3/v/virtualenv/virtualenv-1.11.3-py2.py3-none-any.whl#md5=d2a576eb3908eb394cddeec34470726c (from https://pypi.python.org/simple/virtualenv/); unknown archive format: .whl
    Skipping link https://pypi.python.org/packages/py2.py3/v/virtualenv/virtualenv-1.11.4-py2.py3-none-any.whl#md5=1180da8b836c740ff7ff6dbc86c35d88 (from https://pypi.python.org/simple/virtualenv/); unknown archive format: .whl
    Skipping link https://pypi.python.org/packages/py2.py3/v/virtualenv/virtualenv-1.11.6-py2.py3-none-any.whl#md5=c2aa2fc4986967815f8cb3a3418e6031 (from https://pypi.python.org/simple/virtualenv/); unknown archive format: .whl
    Skipping link https://pypi.python.org/packages/py27/v/virtualenv/virtualenv-1.11.1-py27-none-any.whl#md5=265770b61de41d34d2e9fdfddcdf034c (from https://pypi.python.org/simple/virtualenv/); unknown archive format: .whl
    Skipping link https://pypi.python.org/packages/py3/v/virtualenv/virtualenv-1.11.5-py3-none-any.whl#md5=3ae8bdce6389620d48d2d4be3b0070fd (from https://pypi.python.org/simple/virtualenv/); unknown archive format: .whl
    Found link https://pypi.python.org/packages/source/v/virtualenv/virtualenv-0.8.1.tar.gz#md5=5d7b4784f530bd8acf44b568776dbd3c (from https://pypi.python.org/simple/virtualenv/), version: 0.8.1
    Found link https://pypi.python.org/packages/source/v/virtualenv/virtualenv-0.8.2.tar.gz#md5=241f157e92dd9052b5a4b43efcef8035 (from https://pypi.python.org/simple/virtualenv/), version: 0.8.2
    Found link https://pypi.python.org/packages/source/v/virtualenv/virtualenv-0.8.3.tar.gz#md5=d635fb7de359ff603a1fc395933724d1 (from https://pypi.python.org/simple/virtualenv/), version: 0.8.3
    Found link https://pypi.python.org/packages/source/v/virtualenv/virtualenv-0.8.4.tar.gz#md5=30f053782cc29363927b848263ae9158 (from https://pypi.python.org/simple/virtualenv/), version: 0.8.4
    Found link https://pypi.python.org/packages/source/v/virtualenv/virtualenv-0.8.tar.gz#md5=88c187a93a78c4c9bd54eef9ef0e0f03 (from https://pypi.python.org/simple/virtualenv/), version: 0.8
    Found link https://pypi.python.org/packages/source/v/virtualenv/virtualenv-0.9.1.tar.gz#md5=d9abf1dc9dcaf603c60840c582414f66 (from https://pypi.python.org/simple/virtualenv/), version: 0.9.1
    Found link https://pypi.python.org/packages/source/v/virtualenv/virtualenv-0.9.2.tar.gz#md5=78b6e73600db0d5ed8c0e507f0f7d705 (from https://pypi.python.org/simple/virtualenv/), version: 0.9.2
    Found link https://pypi.python.org/packages/source/v/virtualenv/virtualenv-0.9.tar.gz#md5=17a52f8801cbeb6805f4a4650dc89468 (from https://pypi.python.org/simple/virtualenv/), version: 0.9
    Found link https://pypi.python.org/packages/source/v/virtualenv/virtualenv-1.0.tar.gz#md5=fb86aabdfc2033612b936cf08ad811ec (from https://pypi.python.org/simple/virtualenv/), version: 1.0
    Found link https://pypi.python.org/packages/source/v/virtualenv/virtualenv-1.1.tar.gz#md5=8931b66dbb799120583dd107aab2fa89 (from https://pypi.python.org/simple/virtualenv/), version: 1.1
    Found link https://pypi.python.org/packages/source/v/virtualenv/virtualenv-1.10.1.tar.gz#md5=3a04aa2b32c76c83725ed4d9918e362e (from https://pypi.python.org/simple/virtualenv/), version: 1.10.1
    Found link https://pypi.python.org/packages/source/v/virtualenv/virtualenv-1.10.tar.gz#md5=9745c28256c70c76d36adb3767a00212 (from https://pypi.python.org/simple/virtualenv/), version: 1.10
    Found link https://pypi.python.org/packages/source/v/virtualenv/virtualenv-1.11.1.tar.gz#md5=7875c2d8c2075571abe5e727449af4d8 (from https://pypi.python.org/simple/virtualenv/), version: 1.11.1
    Found link https://pypi.python.org/packages/source/v/virtualenv/virtualenv-1.11.2.tar.gz#md5=d3d915836c1ada1be731ccaa12412b98 (from https://pypi.python.org/simple/virtualenv/), version: 1.11.2
    Found link https://pypi.python.org/packages/source/v/virtualenv/virtualenv-1.11.3.tar.gz#md5=e332877dd29fe0599bf09d239967f4c0 (from https://pypi.python.org/simple/virtualenv/), version: 1.11.3
    Found link https://pypi.python.org/packages/source/v/virtualenv/virtualenv-1.11.4.tar.gz#md5=9accc2d3f0ec1da479ce2c3d1fdff06e (from https://pypi.python.org/simple/virtualenv/), version: 1.11.4
    Found link https://pypi.python.org/packages/source/v/virtualenv/virtualenv-1.11.5.tar.gz#md5=f61636143193499e7700ec9b70756ff6 (from https://pypi.python.org/simple/virtualenv/), version: 1.11.5
    Found link https://pypi.python.org/packages/source/v/virtualenv/virtualenv-1.11.6.tar.gz#md5=f61cdd983d2c4e6aeabb70b1060d6f49 (from https://pypi.python.org/simple/virtualenv/), version: 1.11.6
    Found link https://pypi.python.org/packages/source/v/virtualenv/virtualenv-1.11.tar.gz#md5=d1a7cf95b539a861a8215827f387c4eb (from https://pypi.python.org/simple/virtualenv/), version: 1.11
    Found link https://pypi.python.org/packages/source/v/virtualenv/virtualenv-1.2.tar.gz#md5=7ad454e52f025cad631d03331ade4aaf (from https://pypi.python.org/simple/virtualenv/), version: 1.2
    Found link https://pypi.python.org/packages/source/v/virtualenv/virtualenv-1.3.1.tar.gz#md5=e70ed86cc3823f0b622e80e035b59297 (from https://pypi.python.org/simple/virtualenv/), version: 1.3.1
    Found link https://pypi.python.org/packages/source/v/virtualenv/virtualenv-1.3.2.tar.gz#md5=a013d5a7d9aeddc16bee88604d6de636 (from https://pypi.python.org/simple/virtualenv/), version: 1.3.2
    Found link https://pypi.python.org/packages/source/v/virtualenv/virtualenv-1.3.3.tar.gz#md5=28e2955aed4ffc4dc3df02dc632b5c42 (from https://pypi.python.org/simple/virtualenv/), version: 1.3.3
    Found link https://pypi.python.org/packages/source/v/virtualenv/virtualenv-1.3.4.tar.gz#md5=77d675df104b90fceec749150bd5014f (from https://pypi.python.org/simple/virtualenv/), version: 1.3.4
    Found link https://pypi.python.org/packages/source/v/virtualenv/virtualenv-1.3.tar.gz#md5=36b766604542f2c34d8dffdb21ba14a9 (from https://pypi.python.org/simple/virtualenv/), version: 1.3
    Found link https://pypi.python.org/packages/source/v/virtualenv/virtualenv-1.4.1.tar.gz#md5=6ab218532376c2a389ef4ea030ff96f2 (from https://pypi.python.org/simple/virtualenv/), version: 1.4.1
    Found link https://pypi.python.org/packages/source/v/virtualenv/virtualenv-1.4.2.tar.gz#md5=7b1a10f0e84dd945c9b006ace1e1bb16 (from https://pypi.python.org/simple/virtualenv/), version: 1.4.2
    Found link https://pypi.python.org/packages/source/v/virtualenv/virtualenv-1.4.3.tar.gz#md5=2b639cee32d15fd049a49561957afe4b (from https://pypi.python.org/simple/virtualenv/), version: 1.4.3
    Found link https://pypi.python.org/packages/source/v/virtualenv/virtualenv-1.4.4.tar.gz#md5=94161ae1500cb3a8b003c0c394c9dbbd (from https://pypi.python.org/simple/virtualenv/), version: 1.4.4
    Found link https://pypi.python.org/packages/source/v/virtualenv/virtualenv-1.4.5.tar.gz#md5=d3c621dd9797789fef78442e336df63e (from https://pypi.python.org/simple/virtualenv/), version: 1.4.5
    Found link https://pypi.python.org/packages/source/v/virtualenv/virtualenv-1.4.6.tar.gz#md5=f576969d591a054132fe8c9165c2b3c3 (from https://pypi.python.org/simple/virtualenv/), version: 1.4.6
    Found link https://pypi.python.org/packages/source/v/virtualenv/virtualenv-1.4.7.tar.gz#md5=979a7adf8467df7df800a45debd2074f (from https://pypi.python.org/simple/virtualenv/), version: 1.4.7
    Found link https://pypi.python.org/packages/source/v/virtualenv/virtualenv-1.4.8.tar.gz#md5=74ded4025a56e538c1c8df6b9825a8b8 (from https://pypi.python.org/simple/virtualenv/), version: 1.4.8
    Found link https://pypi.python.org/packages/source/v/virtualenv/virtualenv-1.4.9.tar.gz#md5=c49067cab242b5ff8c7b681a5a99533a (from https://pypi.python.org/simple/virtualenv/), version: 1.4.9
    Found link https://pypi.python.org/packages/source/v/virtualenv/virtualenv-1.4.tar.gz#md5=ef70dc53c648f4253335351c65b5740f (from https://pypi.python.org/simple/virtualenv/), version: 1.4
    Found link https://pypi.python.org/packages/source/v/virtualenv/virtualenv-1.4rc1.tar.gz#md5=fb62a93b054e877e6a6c92f7dcd0b6ae (from https://pypi.python.org/simple/virtualenv/), version: 1.4rc1
    Found link https://pypi.python.org/packages/source/v/virtualenv/virtualenv-1.5.1.tar.gz#md5=3daa1f449d5d2ee03099484cecb1c2b7 (from https://pypi.python.org/simple/virtualenv/), version: 1.5.1
    Found link https://pypi.python.org/packages/source/v/virtualenv/virtualenv-1.5.2.tar.gz#md5=fbcefbd8520bb64bc24a560c6019a73c (from https://pypi.python.org/simple/virtualenv/), version: 1.5.2
    Found link https://pypi.python.org/packages/source/v/virtualenv/virtualenv-1.5.tar.gz#md5=a8c756de9661323b1f95311e79f8a5f3 (from https://pypi.python.org/simple/virtualenv/), version: 1.5
    Found link https://pypi.python.org/packages/source/v/virtualenv/virtualenv-1.6.1.tar.gz#md5=1a475df2219457b6b4febb9fe595d915 (from https://pypi.python.org/simple/virtualenv/), version: 1.6.1
    Found link https://pypi.python.org/packages/source/v/virtualenv/virtualenv-1.6.2.tar.gz#md5=e948af53ad41ca2718c4034484fcd694 (from https://pypi.python.org/simple/virtualenv/), version: 1.6.2
    Found link https://pypi.python.org/packages/source/v/virtualenv/virtualenv-1.6.3.tar.gz#md5=73a69184e35f1e2c2f9016c889c4d26a (from https://pypi.python.org/simple/virtualenv/), version: 1.6.3
    Found link https://pypi.python.org/packages/source/v/virtualenv/virtualenv-1.6.4.tar.gz#md5=1072b66d53c24e019a8f1304ac9d9fc5 (from https://pypi.python.org/simple/virtualenv/), version: 1.6.4
    Found link https://pypi.python.org/packages/source/v/virtualenv/virtualenv-1.6.tar.gz#md5=b1c585e0bbe4fca56bfa0b34aff87bd9 (from https://pypi.python.org/simple/virtualenv/), version: 1.6
    Found link https://pypi.python.org/packages/source/v/virtualenv/virtualenv-1.7.1.1.tar.gz#md5=e06efff3c3dd5f88758dde29e108bfdd (from https://pypi.python.org/simple/virtualenv/), version: 1.7.1.1
    Found link https://pypi.python.org/packages/source/v/virtualenv/virtualenv-1.7.1.2.tar.gz#md5=3be8a014c27340f48b56465f9109d9fa (from https://pypi.python.org/simple/virtualenv/), version: 1.7.1.2
    Found link https://pypi.python.org/packages/source/v/virtualenv/virtualenv-1.7.1.tar.gz#md5=1a07359ff6e5dbfaefa6381516293b47 (from https://pypi.python.org/simple/virtualenv/), version: 1.7.1
    Found link https://pypi.python.org/packages/source/v/virtualenv/virtualenv-1.7.2.tar.gz#md5=b5d63b05373a4344ae099a68875aae78 (from https://pypi.python.org/simple/virtualenv/), version: 1.7.2
    Found link https://pypi.python.org/packages/source/v/virtualenv/virtualenv-1.7.tar.gz#md5=dcc105e5a3907a9dcaa978f813a4f526 (from https://pypi.python.org/simple/virtualenv/), version: 1.7
    Found link https://pypi.python.org/packages/source/v/virtualenv/virtualenv-1.8.1.tar.gz#md5=3aebe32859aa4512e1e679834c10f7bf (from https://pypi.python.org/simple/virtualenv/), version: 1.8.1
    Found link https://pypi.python.org/packages/source/v/virtualenv/virtualenv-1.8.2.tar.gz#md5=174ca075c6b1a42c685415692ec4ce2e (from https://pypi.python.org/simple/virtualenv/), version: 1.8.2
    Found link https://pypi.python.org/packages/source/v/virtualenv/virtualenv-1.8.3.tar.gz#md5=d42ab84b1b38258f2a57365841186f71 (from https://pypi.python.org/simple/virtualenv/), version: 1.8.3
    Found link https://pypi.python.org/packages/source/v/virtualenv/virtualenv-1.8.4.tar.gz#md5=1c7e56a7f895b2e71558f96e365ee7a7 (from https://pypi.python.org/simple/virtualenv/), version: 1.8.4
    Found link https://pypi.python.org/packages/source/v/virtualenv/virtualenv-1.8.tar.gz#md5=fdab30066a1d731ca6fe22a4c23b9e80 (from https://pypi.python.org/simple/virtualenv/), version: 1.8
    Found link https://pypi.python.org/packages/source/v/virtualenv/virtualenv-1.9.1.tar.gz#md5=07e09df0adfca0b2d487e39a4bf2270a (from https://pypi.python.org/simple/virtualenv/), version: 1.9.1
    Found link https://pypi.python.org/packages/source/v/virtualenv/virtualenv-1.9.tar.gz#md5=e03b76752b8ce7eee67c6298414cac79 (from https://pypi.python.org/simple/virtualenv/), version: 1.9
  Using version 1.11.6 (newest of versions: 1.11.6, 1.11.5, 1.11.4, 1.11.3, 1.11.2, 1.11.1, 1.11, 1.10.1, 1.10, 1.9.1, 1.9, 1.8.4, 1.8.3, 1.8.2, 1.8.1, 1.8, 1.7.2, 1.7.1.2, 1.7.1.1, 1.7.1, 1.7, 1.6.4, 1.6.3, 1.6.2, 1.6.1, 1.6, 1.5.2, 1.5.1, 1.5, 1.4.9, 1.4.8, 1.4.7, 1.4.6, 1.4.5, 1.4.4, 1.4.3, 1.4.2, 1.4.1, 1.4, 1.4rc1, 1.3.4, 1.3.3, 1.3.2, 1.3.1, 1.3, 1.2, 1.1, 1.0, 0.9.2, 0.9.1, 0.9, 0.8.4, 0.8.3, 0.8.2, 0.8.1, 0.8)
  Downloading from URL https://pypi.python.org/packages/source/v/virtualenv/virtualenv-1.11.6.tar.gz#md5=f61cdd983d2c4e6aeabb70b1060d6f49 (from https://pypi.python.org/simple/virtualenv/)
  Running setup.py egg_info for package virtualenv

    running egg_info
    creating pip-egg-info/virtualenv.egg-info
    writing pip-egg-info/virtualenv.egg-info/PKG-INFO
    writing top-level names to pip-egg-info/virtualenv.egg-info/top_level.txt
    writing dependency_links to pip-egg-info/virtualenv.egg-info/dependency_links.txt
    writing entry points to pip-egg-info/virtualenv.egg-info/entry_points.txt
    writing manifest file 'pip-egg-info/virtualenv.egg-info/SOURCES.txt'
    warning: manifest_maker: standard file '-c' not found
    

    reading manifest file 'pip-egg-info/virtualenv.egg-info/SOURCES.txt'
    reading manifest template 'MANIFEST.in'
    warning: no previously-included files matching '*' found under directory 'docs/_templates'

    warning: no previously-included files matching '*' found under directory 'docs/_build'

    writing manifest file 'pip-egg-info/virtualenv.egg-info/SOURCES.txt'
  Source in ./build/virtualenv has version 1.11.6, which satisfies requirement virtualenv (from virtualenvwrapper)
Downloading/unpacking virtualenv-clone (from virtualenvwrapper)

  Getting page http://pypi.python.org/simple/virtualenv-clone
  URLs to search for versions for virtualenv-clone (from virtualenvwrapper):
  * http://pypi.python.org/simple/virtualenv-clone/
  Getting page http://pypi.python.org/simple/virtualenv-clone/
  Analyzing links from page https://pypi.python.org/simple/virtualenv-clone/
    Found link https://pypi.python.org/packages/source/v/virtualenv-clone/virtualenv-clone-0.1.2.tar.gz#md5=b0a65b6d556bcbab3e281f5443a66a2d (from https://pypi.python.org/simple/virtualenv-clone/), version: 0.1.2
    Found link https://pypi.python.org/packages/source/v/virtualenv-clone/virtualenv-clone-0.2.0.tar.gz#md5=9248f98d32836133862704e005f6820d (from https://pypi.python.org/simple/virtualenv-clone/), version: 0.2.0
    Found link https://pypi.python.org/packages/source/v/virtualenv-clone/virtualenv-clone-0.2.1.tar.gz#md5=8a6f99b6675d27920eb0bbae420d239f (from https://pypi.python.org/simple/virtualenv-clone/), version: 0.2.1
    Found link https://pypi.python.org/packages/source/v/virtualenv-clone/virtualenv-clone-0.2.2.tar.gz#md5=05a43cd884bcf80cdf2ccd16c346028d (from https://pypi.python.org/simple/virtualenv-clone/), version: 0.2.2
    Found link https://pypi.python.org/packages/source/v/virtualenv-clone/virtualenv-clone-0.2.3.tar.gz#md5=16394b2d0c47035ab1c3deb2dfb4d2e3 (from https://pypi.python.org/simple/virtualenv-clone/), version: 0.2.3
    Found link https://pypi.python.org/packages/source/v/virtualenv-clone/virtualenv-clone-0.2.4.tar.gz#md5=71168b975eaaa91e65559bcc79290b3b (from https://pypi.python.org/simple/virtualenv-clone/), version: 0.2.4
    Found link https://pypi.python.org/packages/source/v/virtualenv-clone/virtualenv-clone-0.2.5.tar.gz#md5=23e71d255058b2543d839af7f4ce3208 (from https://pypi.python.org/simple/virtualenv-clone/), version: 0.2.5
  Using version 0.2.5 (newest of versions: 0.2.5, 0.2.4, 0.2.3, 0.2.2, 0.2.1, 0.2.0, 0.1.2)
  Downloading virtualenv-clone-0.2.5.tar.gz

  Downloading from URL https://pypi.python.org/packages/source/v/virtualenv-clone/virtualenv-clone-0.2.5.tar.gz#md5=23e71d255058b2543d839af7f4ce3208 (from https://pypi.python.org/simple/virtualenv-clone/)
  Running setup.py egg_info for package virtualenv-clone

    running egg_info
    creating pip-egg-info/virtualenv_clone.egg-info
    writing pip-egg-info/virtualenv_clone.egg-info/PKG-INFO
    writing top-level names to pip-egg-info/virtualenv_clone.egg-info/top_level.txt
    writing dependency_links to pip-egg-info/virtualenv_clone.egg-info/dependency_links.txt
    writing entry points to pip-egg-info/virtualenv_clone.egg-info/entry_points.txt
    writing manifest file 'pip-egg-info/virtualenv_clone.egg-info/SOURCES.txt'
    warning: manifest_maker: standard file '-c' not found
    

    reading manifest file 'pip-egg-info/virtualenv_clone.egg-info/SOURCES.txt'
    reading manifest template 'MANIFEST.in'
    writing manifest file 'pip-egg-info/virtualenv_clone.egg-info/SOURCES.txt'
  Source in ./build/virtualenv-clone has version 0.2.5, which satisfies requirement virtualenv-clone (from virtualenvwrapper)
Downloading/unpacking stevedore (from virtualenvwrapper)

  Getting page http://pypi.python.org/simple/stevedore
  URLs to search for versions for stevedore (from virtualenvwrapper):
  * http://pypi.python.org/simple/stevedore/
  Getting page http://pypi.python.org/simple/stevedore/
  Analyzing links from page https://pypi.python.org/simple/stevedore/
    Found link https://pypi.python.org/packages/source/s/stevedore/stevedore-0.1.tar.gz#md5=b205ee4a4de9e77cccbb0532ee434752 (from https://pypi.python.org/simple/stevedore/), version: 0.1
    Found link https://pypi.python.org/packages/source/s/stevedore/stevedore-0.10.tar.gz#md5=3c8fdc4ec460a4b3958eeb43ce147613 (from https://pypi.python.org/simple/stevedore/), version: 0.10
    Found link https://pypi.python.org/packages/source/s/stevedore/stevedore-0.11.tar.gz#md5=123e73015803e32951e1850cfb4817b9 (from https://pypi.python.org/simple/stevedore/), version: 0.11
    Found link https://pypi.python.org/packages/source/s/stevedore/stevedore-0.12.tar.gz#md5=8bf1b7bed06bf5ab636784d161f1a494 (from https://pypi.python.org/simple/stevedore/), version: 0.12
    Found link https://pypi.python.org/packages/source/s/stevedore/stevedore-0.13.tar.gz#md5=2f469231267f33a34ea7e940088b6287 (from https://pypi.python.org/simple/stevedore/), version: 0.13
    Found link https://pypi.python.org/packages/source/s/stevedore/stevedore-0.14.1.tar.gz#md5=8a93401f0b499c5ee48b85bf4b8211ac (from https://pypi.python.org/simple/stevedore/), version: 0.14.1
    Found link https://pypi.python.org/packages/source/s/stevedore/stevedore-0.14.tar.gz#md5=63530bd2eacc515ed31620d3b295c12c (from https://pypi.python.org/simple/stevedore/), version: 0.14
    Found link https://pypi.python.org/packages/source/s/stevedore/stevedore-0.15.tar.gz#md5=437ee0a0168c78433b2b8faec0ae482d (from https://pypi.python.org/simple/stevedore/), version: 0.15
    Found link https://pypi.python.org/packages/source/s/stevedore/stevedore-0.2.tar.gz#md5=a9bed3c3e4003052f128f9fa712be355 (from https://pypi.python.org/simple/stevedore/), version: 0.2
    Found link https://pypi.python.org/packages/source/s/stevedore/stevedore-0.3.tar.gz#md5=05e0c0127466cd821ba0310a54a4dc06 (from https://pypi.python.org/simple/stevedore/), version: 0.3
    Found link https://pypi.python.org/packages/source/s/stevedore/stevedore-0.4.tar.gz#md5=41f9c8ebb506d8ce576798b4be75de51 (from https://pypi.python.org/simple/stevedore/), version: 0.4
    Found link https://pypi.python.org/packages/source/s/stevedore/stevedore-0.5.tar.gz#md5=8d9c66f42f5a3f61973473236dbe6276 (from https://pypi.python.org/simple/stevedore/), version: 0.5
    Found link https://pypi.python.org/packages/source/s/stevedore/stevedore-0.6.tar.gz#md5=25835b8cd3180f1989f6c6dcb23c8c51 (from https://pypi.python.org/simple/stevedore/), version: 0.6
    Found link https://pypi.python.org/packages/source/s/stevedore/stevedore-0.7.1.tar.gz#md5=e4cd2c8868bbe4bc7a66361496f077d8 (from https://pypi.python.org/simple/stevedore/), version: 0.7.1
    Found link https://pypi.python.org/packages/source/s/stevedore/stevedore-0.7.2.tar.gz#md5=5bc8a73c0628ef69a8b66c0401f26d81 (from https://pypi.python.org/simple/stevedore/), version: 0.7.2
    Found link https://pypi.python.org/packages/source/s/stevedore/stevedore-0.7.tar.gz#md5=b7369196ae3d6623e361e04a341409ba (from https://pypi.python.org/simple/stevedore/), version: 0.7
    Found link https://pypi.python.org/packages/source/s/stevedore/stevedore-0.8.tar.gz#md5=8f340230754c2d70e6e34bc6d8678048 (from https://pypi.python.org/simple/stevedore/), version: 0.8
    Found link https://pypi.python.org/packages/source/s/stevedore/stevedore-0.9.1.tar.gz#md5=50fb481beb45253599c61143617181ad (from https://pypi.python.org/simple/stevedore/), version: 0.9.1
    Found link https://pypi.python.org/packages/source/s/stevedore/stevedore-0.9.tar.gz#md5=fb3562f853e4151ec7fa61519a4f3925 (from https://pypi.python.org/simple/stevedore/), version: 0.9
  Using version 0.15 (newest of versions: 0.15, 0.14.1, 0.14, 0.13, 0.12, 0.11, 0.10, 0.9.1, 0.9, 0.8, 0.7.2, 0.7.1, 0.7, 0.6, 0.5, 0.4, 0.3, 0.2, 0.1)
  Downloading from URL https://pypi.python.org/packages/source/s/stevedore/stevedore-0.15.tar.gz#md5=437ee0a0168c78433b2b8faec0ae482d (from https://pypi.python.org/simple/stevedore/)
  Running setup.py egg_info for package stevedore

    

    Installed /home/andy/build/stevedore/pbr-0.8.2-py2.7.egg

    [pbr] Excluding argparse: Python 2.6 only dependency

    running egg_info
    creating pip-egg-info/stevedore.egg-info
    writing pip-egg-info/stevedore.egg-info/PKG-INFO
    writing top-level names to pip-egg-info/stevedore.egg-info/top_level.txt
    writing dependency_links to pip-egg-info/stevedore.egg-info/dependency_links.txt
    writing entry points to pip-egg-info/stevedore.egg-info/entry_points.txt
    [pbr] Processing SOURCES.txt

    writing manifest file 'pip-egg-info/stevedore.egg-info/SOURCES.txt'
    warning: LocalManifestMaker: standard file '-c' not found

    

    [pbr] In git context, generating filelist from git

    warning: no previously-included files found matching '.gitreview'

    warning: no previously-included files matching '*.pyc' found anywhere in distribution

    reading manifest template 'MANIFEST.in'
    warning: no files found matching '*.html' under directory 'docs'

    warning: no files found matching '*.css' under directory 'docs'

    warning: no files found matching '*.js' under directory 'docs'

    warning: no files found matching '*.png' under directory 'docs'

    warning: no files found matching '*.py' under directory 'tests'

    writing manifest file 'pip-egg-info/stevedore.egg-info/SOURCES.txt'
  Source in ./build/stevedore has version 0.15, which satisfies requirement stevedore (from virtualenvwrapper)
Installing collected packages: virtualenvwrapper, virtualenv, virtualenv-clone, stevedore

  Running setup.py install for virtualenvwrapper

    Running command /usr/bin/python -c "import setuptools;__file__='/home/andy/build/virtualenvwrapper/setup.py';exec(compile(open(__file__).read().replace('\r\n', '\n'), __file__, 'exec'))" install --single-version-externally-managed --record /tmp/pip-xOOyfC-record/install-record.txt
    running install
    running build
    running build_py
    creating build
    creating build/lib.linux-x86_64-2.7
    creating build/lib.linux-x86_64-2.7/virtualenvwrapper
    copying virtualenvwrapper/project.py -> build/lib.linux-x86_64-2.7/virtualenvwrapper
    copying virtualenvwrapper/__init__.py -> build/lib.linux-x86_64-2.7/virtualenvwrapper
    copying virtualenvwrapper/hook_loader.py -> build/lib.linux-x86_64-2.7/virtualenvwrapper
    copying virtualenvwrapper/user_scripts.py -> build/lib.linux-x86_64-2.7/virtualenvwrapper
    running egg_info
    writing requirements to virtualenvwrapper.egg-info/requires.txt
    writing virtualenvwrapper.egg-info/PKG-INFO
    writing namespace_packages to virtualenvwrapper.egg-info/namespace_packages.txt
    writing top-level names to virtualenvwrapper.egg-info/top_level.txt
    writing dependency_links to virtualenvwrapper.egg-info/dependency_links.txt
    writing entry points to virtualenvwrapper.egg-info/entry_points.txt
    [pbr] Reusing existing SOURCES.txt

    running build_scripts
    creating build/scripts-2.7
    copying virtualenvwrapper.sh -> build/scripts-2.7
    copying virtualenvwrapper_lazy.sh -> build/scripts-2.7
    changing mode of build/scripts-2.7/virtualenvwrapper.sh from 644 to 755

    changing mode of build/scripts-2.7/virtualenvwrapper_lazy.sh from 644 to 755

    running install_lib
    copying virtualenvwrapper/project.py -> /usr/local/lib/python2.7/dist-packages/virtualenvwrapper
    error: /usr/local/lib/python2.7/dist-packages/virtualenvwrapper: Permission denied

    Complete output from command /usr/bin/python -c "import setuptools;__file__='/home/andy/build/virtualenvwrapper/setup.py';exec(compile(open(__file__).read().replace('\r\n', '\n'), __file__, 'exec'))" install --single-version-externally-managed --record /tmp/pip-xOOyfC-record/install-record.txt:

    running install

running build

running build_py

creating build

creating build/lib.linux-x86_64-2.7

creating build/lib.linux-x86_64-2.7/virtualenvwrapper

copying virtualenvwrapper/project.py -> build/lib.linux-x86_64-2.7/virtualenvwrapper

copying virtualenvwrapper/__init__.py -> build/lib.linux-x86_64-2.7/virtualenvwrapper

copying virtualenvwrapper/hook_loader.py -> build/lib.linux-x86_64-2.7/virtualenvwrapper

copying virtualenvwrapper/user_scripts.py -> build/lib.linux-x86_64-2.7/virtualenvwrapper

running egg_info

writing requirements to virtualenvwrapper.egg-info/requires.txt

writing virtualenvwrapper.egg-info/PKG-INFO

writing namespace_packages to virtualenvwrapper.egg-info/namespace_packages.txt

writing top-level names to virtualenvwrapper.egg-info/top_level.txt

writing dependency_links to virtualenvwrapper.egg-info/dependency_links.txt

writing entry points to virtualenvwrapper.egg-info/entry_points.txt

[pbr] Reusing existing SOURCES.txt

running build_scripts

creating build/scripts-2.7

copying virtualenvwrapper.sh -> build/scripts-2.7

copying virtualenvwrapper_lazy.sh -> build/scripts-2.7

changing mode of build/scripts-2.7/virtualenvwrapper.sh from 644 to 755

changing mode of build/scripts-2.7/virtualenvwrapper_lazy.sh from 644 to 755

running install_lib

copying virtualenvwrapper/project.py -> /usr/local/lib/python2.7/dist-packages/virtualenvwrapper

error: /usr/local/lib/python2.7/dist-packages/virtualenvwrapper: Permission denied

----------------------------------------

Command /usr/bin/python -c "import setuptools;__file__='/home/andy/build/virtualenvwrapper/setup.py';exec(compile(open(__file__).read().replace('\r\n', '\n'), __file__, 'exec'))" install --single-version-externally-managed --record /tmp/pip-xOOyfC-record/install-record.txt failed with error code 1 in /home/andy/build/virtualenvwrapper

Exception information:
Traceback (most recent call last):
  File "/usr/lib/python2.7/dist-packages/pip/basecommand.py", line 104, in main
    status = self.run(options, args)
  File "/usr/lib/python2.7/dist-packages/pip/commands/install.py", line 250, in run
    requirement_set.install(install_options, global_options)
  File "/usr/lib/python2.7/dist-packages/pip/req.py", line 1133, in install
    requirement.install(install_options, global_options)
  File "/usr/lib/python2.7/dist-packages/pip/req.py", line 577, in install
    cwd=self.source_dir, filter_stdout=self._filter_install, show_stdout=False)
  File "/usr/lib/python2.7/dist-packages/pip/__init__.py", line 256, in call_subprocess
    % (command_desc, proc.returncode, cwd))
InstallationError: Command /usr/bin/python -c "import setuptools;__file__='/home/andy/build/virtualenvwrapper/setup.py';exec(compile(open(__file__).read().replace('\r\n', '\n'), __file__, 'exec'))" install --single-version-externally-managed --record /tmp/pip-xOOyfC-record/install-record.txt failed with error code 1 in /home/andy/build/virtualenvwrapper
